This is pdfTeX, Version 3.141592653-2.6-1.40.27 (TeX Live 2025/Arch Linux) (preloaded format=latex 2025.3.10)  12 MAR 2025 01:48
entering extended mode
 restricted \write18 enabled.
 %&-line parsing enabled.
**\makeatletter\def\HCode{\futurelet\HCode\HChar}\def\HChar{\ifx"\HCode\def\HCo
de"##1"{\Link##1}\expandafter\HCode\else\expandafter\Link\fi}\def\Link#1.a.b.c.
{\let\HCode\documentstyle\def\documentstyle{\let\documentstyle\HCode\expandafte
r\def\csname tex4ht\endcsname{#1,html}\def\HCode####1{\documentstyle[tex4ht,}\@
ifnextchar[{\HCode}{\documentstyle[tex4ht]}}\RequirePackage[#1,html]{tex4ht}}\m
akeatother\HCode ../../configmk4ht2.cfg,,charset=utf-8,html5.a.b.c.\input "\det
okenize{disruption-phenology16-web.tex}"
(/usr/share/texmf-dist/tex/generic/tex4ht/tex4ht.sty
version 2025-02-27-12:30
Package: tex4ht 
--------------------------------------
--- Note --- for _ at preamble, use the command line option `early_'
--------------------------------------
--------------------------------------
--- Note --- for ^ at preamble, use the command line option `early^'
--------------------------------------
\tmp:toks=\toks17
)
! I can't find file `disruption-phenology16-web.tex'.
<*> ...detokenize{disruption-phenology16-web.tex}"
                                                  
(Press Enter to retry, or Control-D to exit)
Please type another input file name
! Emergency stop.
<*> ...detokenize{disruption-phenology16-web.tex}"
                                                  
*** (job aborted, file error in nonstop mode)

 
Here is how much of TeX's memory you used:
 216 strings out of 475102
 2596 string characters out of 5765029
 387088 words of memory out of 5000000
 23326 multiletter control sequences out of 15000+600000
 558837 words of font info for 36 fonts, out of 8000000 for 9000
 36 hyphenation exceptions out of 8191
 27i,0n,37p,624b,17s stack positions out of 10000i,1000n,20000p,200000b,200000s
No pages of output.
